CCS PCH C Compiler, Version 5.008, 5967               11-oct.-16 10:23

               Filename:   C:\Users\TDB_PC\Documents\CCS C Projects\PIC18F4550_Blink.lst

               ROM used:   88 bytes (0%)
                           Largest free fragment is 32680
               RAM used:   4 (0%) at main() level
                           5 (0%) worst case
               Stack used: 1 locations
               Stack size: 31

*
0000:  GOTO   002A
.................... #include <PIC18F4550_Blink.h> 
.................... #include <18F4550.h> 
.................... //////// Standard Header file for the PIC18F4550 device //////////////// 
.................... #device PIC18F4550 
....................  
.................... #list 
....................  
.................... #device ADC=16 
....................  
.................... #FUSES NOWDT                 	//No Watch Dog Timer 
.................... #FUSES WDT128                	//Watch Dog Timer uses 1:128 Postscale 
.................... #FUSES NOBROWNOUT            	//No brownout reset 
.................... #FUSES NOPBADEN              	//PORTB pins are configured as digital I/O on RESET 
.................... #FUSES NOLPT1OSC             	//Timer1 configured for higher power operation 
.................... #FUSES NOMCLR                	//Master Clear pin used for I/O 
.................... #FUSES NOLVP                 	//No low voltage prgming, B3(PIC16) or B5(PIC18) used for I/O 
.................... #FUSES NOXINST               	//Extended set extension and Indexed Addressing mode disabled (Legacy mode) 
....................  
.................... #use delay(internal=8000000) 
0004:  CLRF   FEA
0006:  MOVLW  05
0008:  MOVWF  FE9
000A:  MOVF   FEF,W
000C:  BZ    0028
000E:  MOVLW  02
0010:  MOVWF  01
0012:  CLRF   00
0014:  DECFSZ 00,F
0016:  BRA    0014
0018:  DECFSZ 01,F
001A:  BRA    0012
001C:  MOVLW  97
001E:  MOVWF  00
0020:  DECFSZ 00,F
0022:  BRA    0020
0024:  DECFSZ FEF,F
0026:  BRA    000E
0028:  RETURN 0
....................  
.................... #define LED PIN_B0 
.................... #define DELAY 100 
....................  
....................  
....................  
....................  
.................... void main() { 
002A:  CLRF   FF8
002C:  BCF    FD0.7
002E:  MOVLW  70
0030:  MOVWF  FD3
0032:  MOVF   FD3,W
0034:  MOVF   FC1,W
0036:  ANDLW  C0
0038:  IORLW  0F
003A:  MOVWF  FC1
003C:  MOVLW  07
003E:  MOVWF  FB4
....................  
.................... 	//Example blinking LED program 
.................... 	while(true){ 
.................... 		output_low(LED); 
0040:  BCF    F93.0
0042:  BCF    F8A.0
.................... 		delay_ms(DELAY); 
0044:  MOVLW  64
0046:  MOVWF  05
0048:  RCALL  0004
.................... 		output_high(LED); 
004A:  BCF    F93.0
004C:  BSF    F8A.0
.................... 		delay_ms(DELAY); 
004E:  MOVLW  64
0050:  MOVWF  05
0052:  RCALL  0004
0054:  BRA    0040
.................... 	} 
....................  
.................... } 
0056:  SLEEP 

Configuration Fuses:
   Word  1: C83F   PLL12 CPUDIV4 USBDIV INTRC_IO FCMEN IESO
   Word  2: 0E38   PUT NOBROWNOUT BORV21 VREGEN NOWDT WDT128
   Word  3: 0100   CCP2C1 NOPBADEN NOLPT1OSC NOMCLR
   Word  4: 00A1   STVREN NOLVP ICSP2 NOXINST NODEBUG
   Word  5: C00F   NOPROTECT NOCPB NOCPD
   Word  6: E00F   NOWRT NOWRTC NOWRTB NOWRTD
   Word  7: 400F   NOEBTR NOEBTRB
