
ROM used:   75/4096 (2%)
            75/4096 (2%) including unused fragments

            0.1 Average locations per line
            6.3 Average locations per statement

RAM used:   5/255 (2%) at main() level
            16/255 (6%) worst case

Stack used: 1 worst case (1 in main + 0 for interrupts)
Stack size: 16

Lines Stmts  %   Files
----- ----- ---  -----
   38    12 100  PIC16F1824_Blink.c
   15     0   0  PIC16F1824_Blink.h
  863     0   0  ..\..\..\..\Program Files (x86)\PICC 5\Devices\16F1824.h
----- -----
  916    12 Total

Page ROM  %  RAM   Vol Diff  Functions:
---- --- --- ---   --- ----  ----------
0     21  28    1             @delay_ms1
0     51  68    1   221  2.7  main
 Inline         0             @cinit1

Program metrics:
    Functions               1
    Statements              12
    Comments                156
    Volume (V)              226
    Difficulty (D)          2.5
    Effort to implement (E) 564
    Time to implement (T)   1 minutes
    Est Delivered Bugs (B)  0
    Cyclomatic Complexity   1
    Maintainability (MI)    126

 Segment     Used  Free
-----------  ----  ----
00000-00002     3  0  
00003-007FF    72  1973  
00800-00FFF     0  2048  



