CCS PCM C Compiler, Version 5.008, 5967               07-oct.-16 16:37

               Filename:   C:\Users\TDB_PC\Documents\CCS C Projects\PIC16F886_Blink.lst

               ROM used:   64 words (1%)
                           Largest free fragment is 2048
               RAM used:   5 (1%) at main() level
                           6 (2%) worst case
               Stack used: 1 locations
               Stack size: 8

*
0000:  MOVLW  00
0001:  MOVWF  0A
0002:  GOTO   018
0003:  NOP
.................... #include <PIC16F886_Blink.h> 
.................... #include <16F886.h> 
.................... //////// Standard Header file for the PIC16F886 device //////////////// 
.................... #device PIC16F886 
....................  
.................... #list 
....................  
.................... #device ADC=16 
....................  
.................... #FUSES NOWDT                 	//No Watch Dog Timer 
.................... #FUSES NOMCLR                	//Master Clear pin used for I/O 
.................... #FUSES NOBROWNOUT            	//No brownout reset 
.................... #FUSES NOLVP                 	//No low voltage prgming, B3(PIC16) or B5(PIC18) used for I/O 
....................  
.................... #use delay(internal=8000000) 
0004:  MOVLW  21
0005:  MOVWF  04
0006:  BCF    03.7
0007:  MOVF   00,W
0008:  BTFSC  03.2
0009:  GOTO   017
000A:  MOVLW  02
000B:  MOVWF  78
000C:  CLRF   77
000D:  DECFSZ 77,F
000E:  GOTO   00D
000F:  DECFSZ 78,F
0010:  GOTO   00C
0011:  MOVLW  97
0012:  MOVWF  77
0013:  DECFSZ 77,F
0014:  GOTO   013
0015:  DECFSZ 00,F
0016:  GOTO   00A
0017:  RETURN
....................  
.................... #define LED PIN_B0 
.................... #define DELAY 100 
....................  
....................  
....................  
....................  
.................... void main() { 
0018:  MOVF   03,W
0019:  ANDLW  1F
001A:  MOVWF  03
001B:  MOVLW  71
001C:  BSF    03.5
001D:  MOVWF  0F
001E:  MOVF   0F,W
001F:  BSF    03.6
0020:  MOVF   09,W
0021:  ANDLW  C0
0022:  MOVWF  09
0023:  BCF    03.6
0024:  BCF    1F.4
0025:  BCF    1F.5
0026:  MOVLW  00
0027:  BSF    03.6
0028:  MOVWF  08
0029:  BCF    03.5
002A:  CLRF   07
002B:  CLRF   08
002C:  CLRF   09
002D:  BCF    03.7
....................  
.................... 	//Example blinking LED program 
.................... 	while(true){ 
.................... 		output_low(LED); 
002E:  BSF    03.5
002F:  BCF    03.6
0030:  BCF    06.0
0031:  BCF    03.5
0032:  BCF    06.0
.................... 		delay_ms(DELAY); 
0033:  MOVLW  64
0034:  MOVWF  21
0035:  CALL   004
.................... 		output_high(LED); 
0036:  BSF    03.5
0037:  BCF    06.0
0038:  BCF    03.5
0039:  BSF    06.0
.................... 		delay_ms(DELAY); 
003A:  MOVLW  64
003B:  MOVWF  21
003C:  CALL   004
003D:  BSF    03.6
003E:  GOTO   02E
.................... 	} 
....................  
.................... } 
003F:  SLEEP

Configuration Fuses:
   Word  1: 2CC4   INTRC_IO NOWDT PUT NOMCLR NOPROTECT NOCPD NOBROWNOUT IESO FCMEN NOLVP NODEBUG
   Word  2: 3FFF   BORV40 NOWRT
