
ROM used:   64/8192 (1%)
            64/8192 (1%) including unused fragments

            0.1 Average locations per line
            10.7 Average locations per statement

RAM used:   5/368 (1%) at main() level
            6/368 (2%) worst case

Stack used: 1 worst case (1 in main + 0 for interrupts)
Stack size: 8

Lines Stmts  %   Files
----- ----- ---  -----
   14     6 100  PIC16F886_Blink.c
   15     0   0  PIC16F886_Blink.h
  741     0   0  ..\..\..\..\Program Files (x86)\PICC 5\Devices\16F886.h
----- -----
  770     6 Total

Page ROM  %  RAM   Vol Diff  Functions:
---- --- --- ---   --- ----  ----------
0     20  31    1             @delay_ms1
0     40  62    0    86  1.6  main
 Inline         0   328  2.7  @cinit1

Program metrics:
    Functions               2
    Statements              6
    Comments                122
    Volume (V)              488
    Difficulty (D)          4.3
    Effort to implement (E) 2082
    Time to implement (T)   2 minutes
    Est Delivered Bugs (B)  0
    Cyclomatic Complexity   1
    Maintainability (MI)    102

 Segment     Used  Free
-----------  ----  ----
00000-00003     4  0  
00004-007FF    60  1984  
00800-00FFF     0  2048  
01000-017FF     0  2048  
01800-01FFF     0  2048  



